<?xml version="1.0" encoding="UTF-8"?>
<testsuite name="CarInvoiceTest" tests="1" skipped="0" failures="0" errors="0" timestamp="2020-12-17T07:24:07" hostname="DESKTOP-2M5MM2B" time="0.004">
  <properties/>
  <testcase name="givenMultipleRideShouldReturnInvoiceMultipleThing" classname="CarInvoiceTest" time="0.004"/>
  <system-out><![CDATA[]]></system-out>
  <system-err><![CDATA[]]></system-err>
</testsuite>
