<?xml version="1.0" encoding="UTF-8"?>
<testsuite name="CarInvoiceTest" tests="1" skipped="0" failures="0" errors="0" timestamp="2020-12-15T05:33:11" hostname="DESKTOP-2M5MM2B" time="0.006">
  <properties/>
  <testcase name="givenMultipleRideShouldReturnInvoice" classname="CarInvoiceTest" time="0.006"/>
  <system-out><![CDATA[Give Total number rides
]]></system-out>
  <system-err><![CDATA[]]></system-err>
</testsuite>
